==============================
test file of 3-say_my_name.py
==============================

Using ''def say_my_name(first_name, last_name="")'' with strings
______________________________

First import ''say_my_name'' from the ''3-say_my_name'' module:

>>> say_my_name  = __import__('3-say_my_name').say_my_name

Tests
______________________________
""" Passing Tests """

>>> say_my_name("John", "Smith")
My name is John Smith

>>> say_my_name("Bob")
My name is Bob 

""" Tests that should raise an Error """

>>> say_my_name("Bob", 12)
Traceback (most recent call last):
  ...
TypeError: last_name must be a string

>>> say_my_name(12, "Smith")
Traceback (most recent call last):
  ...
TypeError: first_name must be a string

>>> say_my_name()
Traceback (most recent call last):
  ...
TypeError: say_my_name() missing 1 required positional argument: 'first_name'
